#
# A fatal error has been detected by the Java Runtime Environment:
#
#  Internal Error (javaCalls.cpp:51), pid=5216, tid=0x0000000000003d84
#  guarantee(thread->is_Java_thread()) failed: crucial check - the VM thread cannot and must not escape to Java code
#
# JRE version: Java(TM) SE Runtime Environment (8.0_221-b11) (build 1.8.0_221-b11)
# Java VM: Java HotSpot(TM) 64-Bit Server VM (25.221-b11 mixed mode windows-amd64 compressed oops)
# Failed to write core dump. Minidumps are not enabled by default on client versions of Windows
#
# If you would like to submit a bug report, please visit:
#   http://bugreport.java.com/bugreport/crash.jsp
#

---------------  T H R E A D  ---------------

Current thread (0x0000000017569800):  VMThread [stack: 0x0000000019240000,0x0000000019340000] [id=15748]

Stack: [0x0000000019240000,0x0000000019340000]
[error occurred during error reporting (printing stack bounds), id 0xc0000005]

Native frames: (J=compiled Java code, j=interpreted, Vv=VM code, C=native code)

VM_Operation (0x0000000019d9ef30): GetOrSetLocal, mode: safepoint, requested by thread 0x0000000019378000


---------------  P R O C E S S  ---------------

Java Threads: ( => current thread )
  0x000000001954c000 JavaThread "Service Thread" daemon [_thread_blocked, id=19852, stack(0x000000001a770000,0x000000001a870000)]
  0x00000000194c2800 JavaThread "C1 CompilerThread3" daemon [_thread_blocked, id=19000, stack(0x000000001a670000,0x000000001a770000)]
  0x00000000194c1800 JavaThread "C2 CompilerThread2" daemon [_thread_blocked, id=8584, stack(0x000000001a570000,0x000000001a670000)]
  0x00000000194bf000 JavaThread "C2 CompilerThread1" daemon [_thread_blocked, id=8556, stack(0x000000001a470000,0x000000001a570000)]
  0x00000000194bb000 JavaThread "C2 CompilerThread0" daemon [_thread_blocked, id=12556, stack(0x000000001a370000,0x000000001a470000)]
  0x0000000019384800 JavaThread "JDWP Command Reader" daemon [_thread_in_native, id=16356, stack(0x000000001a270000,0x000000001a370000)]
  0x0000000019383800 JavaThread "JDWP Event Helper Thread" daemon [_thread_blocked, id=584, stack(0x000000001a170000,0x000000001a270000)]
  0x0000000019378000 JavaThread "JDWP Transport Listener: dt_socket" daemon [_thread_blocked, id=14168, stack(0x0000000019ca0000,0x0000000019da0000)]
  0x000000001936c800 JavaThread "Attach Listener" daemon [_thread_blocked, id=9568, stack(0x0000000019b60000,0x0000000019c60000)]
  0x000000001936b000 JavaThread "Signal Dispatcher" daemon [_thread_blocked, id=10920, stack(0x0000000019a60000,0x0000000019b60000)]
  0x0000000019361000 JavaThread "Finalizer" daemon [_thread_blocked, id=19764, stack(0x0000000019840000,0x0000000019940000)]
  0x0000000019360800 JavaThread "Reference Handler" daemon [_thread_blocked, id=12212, stack(0x0000000019740000,0x0000000019840000)]
  0x00000000025b3800 JavaThread "main" [_thread_blocked, id=11496, stack(0x0000000002330000,0x0000000002430000)]

Other Threads:
=>0x0000000017569800 VMThread [stack: 0x0000000019240000,0x0000000019340000] [id=15748]
  0x0000000019627000 WatcherThread [stack: 0x000000001a870000,0x000000001a970000] [id=16100]

VM state:at safepoint (normal execution)

VM Mutex/Monitor currently owned by a thread:  ([mutex/lock_event])
[0x00000000025b06d0] Threads_lock - owner thread: 0x0000000017569800

heap address: 0x0000000082e00000, size: 2002 MB, Compressed Oops mode: 32-bit
Narrow klass base: 0x0000000000000000, Narrow klass shift: 3
Compressed class space size: 1073741824 Address: 0x0000000100000000

Heap:
 PSYoungGen      total 37888K, used 7923K [0x00000000d6500000, 0x00000000d8f00000, 0x0000000100000000)
  eden space 32768K, 24% used [0x00000000d6500000,0x00000000d6cbcfa8,0x00000000d8500000)
  from space 5120K, 0% used [0x00000000d8a00000,0x00000000d8a00000,0x00000000d8f00000)
  to   space 5120K, 0% used [0x00000000d8500000,0x00000000d8500000,0x00000000d8a00000)
 ParOldGen       total 86016K, used 0K [0x0000000082e00000, 0x0000000088200000, 0x00000000d6500000)
  object space 86016K, 0% used [0x0000000082e00000,0x0000000082e00000,0x0000000088200000)
 Metaspace       used 5139K, capacity 5266K, committed 5504K, reserved 1056768K
  class space    used 527K, capacity 561K, committed 640K, reserved 1048576K

Card table byte_map: [0x0000000011a70000,0x0000000011e60000] byte_map_base: 0x0000000011659000

Marking Bits: (ParMarkBitMap*) 0x000000006b175ce0
 Begin Bits: [0x0000000012900000, 0x0000000014848000)
 End Bits:   [0x0000000014848000, 0x0000000016790000)

Polling page: 0x0000000000b10000

CodeCache: size=245760Kb used=1835Kb max_used=1835Kb free=243924Kb
 bounds [0x00000000026b0000, 0x0000000002920000, 0x00000000116b0000]
 total_blobs=509 nmethods=215 adapters=215
 compilation: enabled

Compilation events (10 events):
Event: 1633.639 Thread 0x00000000194c2800  211       1       java.lang.Integer::intValue (5 bytes)
Event: 1633.639 Thread 0x00000000194c1800  212       4       org.eclipse.jdt.launching.internal.org.objectweb.asm.SymbolTable::addConstantUtf8 (98 bytes)
Event: 1633.640 Thread 0x00000000194c2800 nmethod 211 0x00000000028665d0 code [0x0000000002866720, 0x0000000002866830]
Event: 1633.658 Thread 0x00000000194c1800 nmethod 212 0x0000000002871390 code [0x0000000002871560, 0x00000000028726f8]
Event: 1696.051 Thread 0x00000000194c2800  213       3       org.eclipse.jdt.launching.internal.org.objectweb.asm.ClassReader::readMethod (1052 bytes)
Event: 1696.060 Thread 0x00000000194c2800 nmethod 213 0x00000000028734d0 code [0x0000000002873c00, 0x00000000028798d8]
Event: 1696.060 Thread 0x00000000194c2800  214       3       org.eclipse.jdt.launching.internal.org.objectweb.asm.ClassVisitor::visitMethod (24 bytes)
Event: 1696.060 Thread 0x00000000194c2800 nmethod 214 0x000000000286b790 code [0x000000000286b900, 0x000000000286bba8]
Event: 1696.060 Thread 0x00000000194c2800  215       3       org.eclipse.jdt.launching.internal.org.objectweb.asm.MethodWriter::visitEnd (1 bytes)
Event: 1696.060 Thread 0x00000000194c2800 nmethod 215 0x0000000002871050 code [0x00000000028711a0, 0x00000000028712f0]

GC Heap History (0 events):
No events

Deoptimization events (0 events):
No events

Classes redefined (4 events):
Event: 228.313 Thread 0x0000000017569800 redefined class name=Codificacion, count=1
Event: 655.669 Thread 0x0000000017569800 redefined class name=Codificacion, count=2
Event: 670.336 Thread 0x0000000017569800 redefined class name=Codificacion, count=3
Event: 684.007 Thread 0x0000000017569800 redefined class name=Codificacion, count=4

Internal exceptions (2 events):
Event: 0.033 Thread 0x00000000025b3800 Exception <a 'java/lang/NoSuchMethodError': Method sun.misc.Unsafe.defineClass(Ljava/lang/String;[BII)Ljava/lang/Class; name or signature does not match> (0x00000000d6507cb8) thrown at [C:\re\workspace\8-2-build-windows-amd64-cygwin\jdk8u221\13320\hotspot
Event: 0.033 Thread 0x00000000025b3800 Exception <a 'java/lang/NoSuchMethodError': Method sun.misc.Unsafe.prefetchRead(Ljava/lang/Object;J)V name or signature does not match> (0x00000000d6507fa0) thrown at [C:\re\workspace\8-2-build-windows-amd64-cygwin\jdk8u221\13320\hotspot\src\share\vm\prim

Events (10 events):
Event: 1702.253 Executing VM operation: GetCurrentContendedMonitor done
Event: 1702.253 Executing VM operation: GetOwnedMonitorInfo
Event: 1702.253 Executing VM operation: GetOwnedMonitorInfo done
Event: 1702.254 Executing VM operation: GetCurrentContendedMonitor
Event: 1702.254 Executing VM operation: GetCurrentContendedMonitor done
Event: 1702.254 Executing VM operation: GetCurrentContendedMonitor
Event: 1702.254 Executing VM operation: GetCurrentContendedMonitor done
Event: 1702.254 Executing VM operation: GetOwnedMonitorInfo
Event: 1702.254 Executing VM operation: GetOwnedMonitorInfo done
Event: 1702.304 Executing VM operation: GetOrSetLocal


Dynamic libraries:
0x00007ff723990000 - 0x00007ff7239c7000 	C:\Program Files\Java\jdk1.8.0_221\bin\javaw.exe
0x00007ffb02450000 - 0x00007ffb02645000 	C:\WINDOWS\SYSTEM32\ntdll.dll
0x00007ffb007f0000 - 0x00007ffb008ae000 	C:\WINDOWS\System32\KERNEL32.DLL
0x00007ffafffa0000 - 0x00007ffb00268000 	C:\WINDOWS\System32\KERNELBASE.dll
0x00007ffb00950000 - 0x00007ffb009fe000 	C:\WINDOWS\System32\ADVAPI32.dll
0x00007ffb00520000 - 0x00007ffb005be000 	C:\WINDOWS\System32\msvcrt.dll
0x00007ffb01940000 - 0x00007ffb019dc000 	C:\WINDOWS\System32\sechost.dll
0x00007ffb012f0000 - 0x00007ffb01415000 	C:\WINDOWS\System32\RPCRT4.dll
0x00007ffb00650000 - 0x00007ffb007f0000 	C:\WINDOWS\System32\USER32.dll
0x00007ffaffcc0000 - 0x00007ffaffce2000 	C:\WINDOWS\System32\win32u.dll
0x00007ffb005c0000 - 0x00007ffb005eb000 	C:\WINDOWS\System32\GDI32.dll
0x00007ffaffdf0000 - 0x00007ffaffefd000 	C:\WINDOWS\System32\gdi32full.dll
0x00007ffafff00000 - 0x00007ffafff9d000 	C:\WINDOWS\System32\msvcp_win.dll
0x00007ffaffcf0000 - 0x00007ffaffdf0000 	C:\WINDOWS\System32\ucrtbase.dll
0x00007ffae9470000 - 0x00007ffae970a000 	C:\WINDOWS\WinSxS\amd64_microsoft.windows.common-controls_6595b64144ccf1df_6.0.19041.1110_none_60b5254171f9507e\COMCTL32.dll
0x00007ffb015c0000 - 0x00007ffb015f0000 	C:\WINDOWS\System32\IMM32.DLL
0x000000006c620000 - 0x000000006c6f2000 	C:\Program Files\Java\jdk1.8.0_221\jre\bin\msvcr100.dll
0x000000006a950000 - 0x000000006b1f5000 	C:\Program Files\Java\jdk1.8.0_221\jre\bin\server\jvm.dll
0x00007ffb01930000 - 0x00007ffb01938000 	C:\WINDOWS\System32\PSAPI.DLL
0x00007ffaf3660000 - 0x00007ffaf366a000 	C:\WINDOWS\SYSTEM32\VERSION.dll
0x00007ffae3780000 - 0x00007ffae3789000 	C:\WINDOWS\SYSTEM32\WSOCK32.dll
0x00007ffae5b80000 - 0x00007ffae5ba7000 	C:\WINDOWS\SYSTEM32\WINMM.dll
0x00007ffb01530000 - 0x00007ffb0159b000 	C:\WINDOWS\System32\WS2_32.dll
0x00007ffafc840000 - 0x00007ffafc84f000 	C:\Program Files\Java\jdk1.8.0_221\jre\bin\verify.dll
0x00007ffafb110000 - 0x00007ffafb139000 	C:\Program Files\Java\jdk1.8.0_221\jre\bin\java.dll
0x00007ffafb8a0000 - 0x00007ffafb8d5000 	C:\Program Files\Java\jdk1.8.0_221\jre\bin\jdwp.dll
0x00007ffafc850000 - 0x00007ffafc858000 	C:\Program Files\Java\jdk1.8.0_221\jre\bin\npt.dll
0x00007ffafb580000 - 0x00007ffafb5a3000 	C:\Program Files\Java\jdk1.8.0_221\jre\bin\instrument.dll
0x00007ffafba00000 - 0x00007ffafba16000 	C:\Program Files\Java\jdk1.8.0_221\jre\bin\zip.dll
0x00007ffb01bd0000 - 0x00007ffb02314000 	C:\WINDOWS\System32\SHELL32.dll
0x00007ffafd7a0000 - 0x00007ffafdf34000 	C:\WINDOWS\SYSTEM32\windows.storage.dll
0x00007ffb00ee0000 - 0x00007ffb01235000 	C:\WINDOWS\System32\combase.dll
0x00007ffaff5b0000 - 0x00007ffaff5de000 	C:\WINDOWS\SYSTEM32\Wldp.dll
0x00007ffb01240000 - 0x00007ffb012ed000 	C:\WINDOWS\System32\SHCORE.dll
0x00007ffb017a0000 - 0x00007ffb017f5000 	C:\WINDOWS\System32\shlwapi.dll
0x00007ffaffaa0000 - 0x00007ffaffabf000 	C:\WINDOWS\SYSTEM32\profapi.dll
0x00007ffafc720000 - 0x00007ffafc729000 	C:\Program Files\Java\jdk1.8.0_221\jre\bin\dt_socket.dll
0x00007ffad7450000 - 0x00007ffad7467000 	C:\WINDOWS\system32\napinsp.dll
0x00007ffad73b0000 - 0x00007ffad73cb000 	C:\WINDOWS\system32\pnrpnsp.dll
0x00007ffaf6080000 - 0x00007ffaf6095000 	C:\WINDOWS\system32\wshbth.dll
0x00007ffaf8020000 - 0x00007ffaf803d000 	C:\WINDOWS\system32\NLAapi.dll
0x00007ffafefb0000 - 0x00007ffafefeb000 	C:\WINDOWS\SYSTEM32\IPHLPAPI.DLL
0x00007ffaff310000 - 0x00007ffaff37a000 	C:\WINDOWS\System32\mswsock.dll
0x00007ffafeff0000 - 0x00007ffaff0bb000 	C:\WINDOWS\SYSTEM32\DNSAPI.dll
0x00007ffb008b0000 - 0x00007ffb008b8000 	C:\WINDOWS\System32\NSI.dll
0x00007ffad7390000 - 0x00007ffad73a2000 	C:\WINDOWS\System32\winrnr.dll
0x000000006cce0000 - 0x000000006cd06000 	C:\Program Files\Bonjour\mdnsNSP.dll
0x00007ffaf1a40000 - 0x00007ffaf1abf000 	C:\WINDOWS\System32\fwpuclnt.dll
0x00007ffb00300000 - 0x00007ffb00327000 	C:\WINDOWS\System32\bcrypt.dll
0x00007ffaf34f0000 - 0x00007ffaf34fa000 	C:\Windows\System32\rasadhlp.dll

VM Arguments:
jvm_args: -agentlib:jdwp=transport=dt_socket,suspend=y,address=localhost:53564 -javaagent:C:\Users\PC\eclipse\java-2019-12\eclipse\configuration\org.eclipse.osgi\226\0\.cp\lib\javaagent-shaded.jar -Dfile.encoding=Cp1252 
java_command: Codificacion
java_class_path (initial): C:\Users\PC\eclipse-workspace\SI-PR3\bin;C:\Users\PC\Downloads\commons-math3-3.6.1-bin\commons-math3-3.6.1\commons-math3-3.6.1.jar;C:\Users\PC\Downloads\commons-math3-3.6.1-bin\commons-math3-3.6.1\commons-math3-3.6.1-javadoc.jar;C:\Users\PC\Downloads\commons-math3-3.6.1-bin\commons-math3-3.6.1\commons-math3-3.6.1-sources.jar;C:\Users\PC\Downloads\commons-math3-3.6.1-bin\commons-math3-3.6.1\commons-math3-3.6.1-tests.jar;C:\Users\PC\Downloads\commons-math3-3.6.1-bin\commons-math3-3.6.1\commons-math3-3.6.1-test-sources.jar;C:\Users\PC\Downloads\commons-math3-3.6.1-bin\commons-math3-3.6.1\commons-math3-3.6.1-tools.jar;C:\Users\PC\eclipse\java-2019-12\eclipse\configuration\org.eclipse.osgi\226\0\.cp\lib\javaagent-shaded.jar
Launcher Type: SUN_STANDARD

Environment Variables:
JAVA_HOME=C:\Program Files\Java\jdk1.8.0_221
PATH=C:\Program Files\Java\jdk1.8.0_221\jre\bin;C:/Program Files/Java/jdk1.8.0_221/jre/bin/server;C:/Program Files/Java/jdk1.8.0_221/jre/bin;C:/Program Files/Java/jdk1.8.0_221/jre/lib/amd64;C:\Program Files\Common Files\Oracle\Java\javapath;C:\oraclexe\app\oracle\product\11.2.0\server\bin;C:\Program Files\Microsoft MPI\Bin\;C:\Program Files (x86)\Common Files\Oracle\Java\javapath;C:\WINDOWS\system32;C:\WINDOWS;C:\WINDOWS\System32\Wbem;C:\WINDOWS\System32\WindowsPowerShell\v1.0\;C:\WINDOWS\System32\OpenSSH\;C:\Program Files\Git\cmd;C:\Users\PC\Downloads\apache-ant-1.9.14-bin\apache-ant-1.9.14\bin;C:\Program Files\Java\jdk1.8.0_221\bin;C:\MinGW\bin;C:\ProgramData\chocolatey\bin;C:\Program Files (x86)\Microsoft SQL Server\150\DTS\Binn\;C:\Program Files\Microsoft SQL Server\Client SDK\ODBC\170\Tools\Binn\;C:\Program Files (x86)\Microsoft SQL Server\150\Tools\Binn\;C:\Program Files\Microsoft SQL Server\150\Tools\Binn\;C:\Program Files\Microsoft SQL Server\150\DTS\Binn\;C:\Program Files\MATLAB\R2020b\bin;C:\apache-jena-4.3.1\apache-jena-4.3.1\bat;C:\Program Files\nodejs\;C:\Program Files\MySQL\MySQL Shell 8.0\bin\;C:\Users\PC\AppData\Local\Microsoft\WindowsApps;C:\cygwin64;C:\Program Files\JetBrains\CLion 2019.3.3\bin;;C:\tools\dart-sdk\bin;C:\Users\PC\AppData\Roaming\Pub\Cache\bin;C:\Users\PC\flutter\bin;C:\apache-jena-4.3.1\apache-jena-4.3.1\bat;C:\Users\PC\AppData\Local\Programs\Microsoft VS Code\bin;C:\Users\PC\AppData\Roaming\npm;C:\Users\PC\AppData\Local\GitHubDesktop\bin;C:\Users\PC\eclipse\java-2019-12\eclipse;
USERNAME=PC
OS=Windows_NT
PROCESSOR_IDENTIFIER=Intel64 Family 6 Model 142 Stepping 12, GenuineIntel



---------------  S Y S T E M  ---------------

OS: Windows 10.0 , 64 bit Build 19041 (10.0.19041.1503)

CPU:total 8 (initial active 8) (4 cores per cpu, 2 threads per core) family 6 model 142 stepping 12, cmov, cx8, fxsr, mmx, sse, sse2, sse3, ssse3, sse4.1, sse4.2, popcnt, avx, avx2, aes, clmul, erms, 3dnowpref, lzcnt, ht, tsc, tscinvbit, bmi1, bmi2, adx

Memory: 4k page, physical 8197876k(2280420k free), swap 11249096k(2028708k free)

vm_info: Java HotSpot(TM) 64-Bit Server VM (25.221-b11) for windows-amd64 JRE (1.8.0_221-b11), built on Jul  4 2019 04:39:29 by "java_re" with MS VC++ 10.0 (VS2010)

time: Sat Mar 12 20:17:17 2022
timezone: Hora estándar romance
elapsed time: 1702 seconds (0d 0h 28m 22s)

